{
  "C:/Users/mrluc/Documents/GitHub/API-Project/src/components/CardBase.vue": {
    "path": "C:/Users/mrluc/Documents/GitHub/API-Project/src/components/CardBase.vue",
    "statementMap": {
      "0": {
        "start": {
          "line": 2,
          "column": 34
        },
        "end": {
          "line": 21,
          "column": 2
        }
      },
      "1": {
        "start": {
          "line": 15,
          "column": 4
        },
        "end": {
          "line": 15,
          "column": 13
        }
      },
      "2": {
        "start": {
          "line": 16,
          "column": 18
        },
        "end": {
          "line": 16,
          "column": 25
        }
      },
      "3": {
        "start": {
          "line": 17,
          "column": 25
        },
        "end": {
          "line": 17,
          "column": 34
        }
      },
      "4": {
        "start": {
          "line": 18,
          "column": 4
        },
        "end": {
          "line": 18,
          "column": 95
        }
      },
      "5": {
        "start": {
          "line": 19,
          "column": 4
        },
        "end": {
          "line": 19,
          "column": 24
        }
      },
      "6": {
        "start": {
          "line": 23,
          "column": 21
        },
        "end": {
          "line": 23,
          "column": 88
        }
      },
      "7": {
        "start": {
          "line": 23,
          "column": 29
        },
        "end": {
          "line": 23,
          "column": 87
        }
      },
      "8": {
        "start": {
          "line": 24,
          "column": 19
        },
        "end": {
          "line": 24,
          "column": 41
        }
      },
      "9": {
        "start": {
          "line": 25,
          "column": 19
        },
        "end": {
          "line": 25,
          "column": 37
        }
      },
      "10": {
        "start": {
          "line": 27,
          "column": 2
        },
        "end": {
          "line": 42,
          "column": 5
        }
      },
      "11": {
        "start": {
          "line": 45,
          "column": 0
        },
        "end": {
          "line": 45,
          "column": 31
        }
      },
      "12": {
        "start": {
          "line": 46,
          "column": 0
        },
        "end": {
          "line": 46,
          "column": 109
        }
      },
      "13": {
        "start": {
          "line": 47,
          "column": 0
        },
        "end": {
          "line": 56,
          "column": 3
        }
      },
      "14": {
        "start": {
          "line": 48,
          "column": 2
        },
        "end": {
          "line": 49,
          "column": 11
        }
      },
      "15": {
        "start": {
          "line": 49,
          "column": 4
        },
        "end": {
          "line": 49,
          "column": 11
        }
      },
      "16": {
        "start": {
          "line": 50,
          "column": 47
        },
        "end": {
          "line": 50,
          "column": 50
        }
      },
      "17": {
        "start": {
          "line": 51,
          "column": 2
        },
        "end": {
          "line": 55,
          "column": 3
        }
      },
      "18": {
        "start": {
          "line": 52,
          "column": 4
        },
        "end": {
          "line": 52,
          "column": 66
        }
      },
      "19": {
        "start": {
          "line": 54,
          "column": 4
        },
        "end": {
          "line": 54,
          "column": 57
        }
      }
    },
    "fnMap": {
      "0": {
        "name": "(anonymous_0)",
        "decl": {
          "start": {
            "line": 14,
            "column": 2
          },
          "end": {
            "line": 14,
            "column": 3
          }
        },
        "loc": {
          "start": {
            "line": 14,
            "column": 29
          },
          "end": {
            "line": 20,
            "column": 3
          }
        },
        "line": 14
      },
      "1": {
        "name": "(anonymous_1)",
        "decl": {
          "start": {
            "line": 23,
            "column": 21
          },
          "end": {
            "line": 23,
            "column": 22
          }
        },
        "loc": {
          "start": {
            "line": 23,
            "column": 29
          },
          "end": {
            "line": 23,
            "column": 87
          }
        },
        "line": 23
      },
      "2": {
        "name": "_sfc_render",
        "decl": {
          "start": {
            "line": 26,
            "column": 9
          },
          "end": {
            "line": 26,
            "column": 20
          }
        },
        "loc": {
          "start": {
            "line": 26,
            "column": 68
          },
          "end": {
            "line": 43,
            "column": 1
          }
        },
        "line": 26
      },
      "3": {
        "name": "(anonymous_3)",
        "decl": {
          "start": {
            "line": 47,
            "column": 23
          },
          "end": {
            "line": 47,
            "column": 24
          }
        },
        "loc": {
          "start": {
            "line": 47,
            "column": 32
          },
          "end": {
            "line": 56,
            "column": 1
          }
        },
        "line": 47
      }
    },
    "branchMap": {
      "0": {
        "loc": {
          "start": {
            "line": 46,
            "column": 0
          },
          "end": {
            "line": 46,
            "column": 108
          }
        },
        "type": "binary-expr",
        "locations": [
          {
            "start": {
              "line": 46,
              "column": 0
            },
            "end": {
              "line": 46,
              "column": 42
            }
          },
          {
            "start": {
              "line": 46,
              "column": 46
            },
            "end": {
              "line": 46,
              "column": 108
            }
          }
        ],
        "line": 46
      },
      "1": {
        "loc": {
          "start": {
            "line": 48,
            "column": 2
          },
          "end": {
            "line": 49,
            "column": 11
          }
        },
        "type": "if",
        "locations": [
          {
            "start": {
              "line": 48,
              "column": 2
            },
            "end": {
              "line": 49,
              "column": 11
            }
          },
          {
            "start": {},
            "end": {}
          }
        ],
        "line": 48
      },
      "2": {
        "loc": {
          "start": {
            "line": 51,
            "column": 2
          },
          "end": {
            "line": 55,
            "column": 3
          }
        },
        "type": "if",
        "locations": [
          {
            "start": {
              "line": 51,
              "column": 2
            },
            "end": {
              "line": 55,
              "column": 3
            }
          },
          {
            "start": {
              "line": 53,
              "column": 9
            },
            "end": {
              "line": 55,
              "column": 3
            }
          }
        ],
        "line": 51
      }
    },
    "s": {
      "0": 4,
      "1": 4,
      "2": 4,
      "3": 4,
      "4": 4,
      "5": 4,
      "6": 4,
      "7": 0,
      "8": 4,
      "9": 4,
      "10": 4,
      "11": 4,
      "12": 4,
      "13": 4,
      "14": 0,
      "15": 0,
      "16": 0,
      "17": 0,
      "18": 0,
      "19": 0
    },
    "f": {
      "0": 4,
      "1": 0,
      "2": 4,
      "3": 0
    },
    "b": {
      "0": [
        4,
        4
      ],
      "1": [
        0,
        0
      ],
      "2": [
        0,
        0
      ]
    },
    "inputSourceMap": {
      "version": 3,
      "mappings": ";;;;;;;;;;;;;;;;;;;;;;;qBACO,OAAM,YAAW;qBAChB,OAAM,QAAO;;uBADnB,oBAGM,OAHN,YAGM;AAAA,IAFJ;AAAA,MAAgC;AAAA,MAAhC;AAAA,MAAgC,iBAAX,UAAG;AAAA;AAAA;AAAA;AAAA,IACxB;AAAA,MAA0B;AAAA;AAAA,uBAAnB,kBAAW;AAAA;AAAA;AAAA;AAAA",
      "names": [],
      "sources": [
        "C:/Users/mrluc/Documents/GitHub/API-Project/src/components/CardBase.vue"
      ],
      "file": "C:/Users/mrluc/Documents/GitHub/API-Project/src/components/CardBase.vue"
    },
    "_coverageSchema": "1a1c01bbd47fc00a2c39e90264f33305004495a9",
    "hash": "49095c27626fab70476f7650f4aea1b7479f7da1"
  },
  "C:/Users/mrluc/Documents/GitHub/API-Project/src/App.vue": {
    "path": "C:/Users/mrluc/Documents/GitHub/API-Project/src/App.vue",
    "statementMap": {
      "0": {
        "start": {
          "line": 4,
          "column": 34
        },
        "end": {
          "line": 16,
          "column": 2
        }
      },
      "1": {
        "start": {
          "line": 7,
          "column": 4
        },
        "end": {
          "line": 7,
          "column": 13
        }
      },
      "2": {
        "start": {
          "line": 8,
          "column": 25
        },
        "end": {
          "line": 12,
          "column": 17
        }
      },
      "3": {
        "start": {
          "line": 9,
          "column": 6
        },
        "end": {
          "line": 9,
          "column": 24
        }
      },
      "4": {
        "start": {
          "line": 11,
          "column": 6
        },
        "end": {
          "line": 11,
          "column": 24
        }
      },
      "5": {
        "start": {
          "line": 13,
          "column": 4
        },
        "end": {
          "line": 13,
          "column": 95
        }
      },
      "6": {
        "start": {
          "line": 14,
          "column": 4
        },
        "end": {
          "line": 14,
          "column": 24
        }
      },
      "7": {
        "start": {
          "line": 19,
          "column": 21
        },
        "end": {
          "line": 19,
          "column": 88
        }
      },
      "8": {
        "start": {
          "line": 19,
          "column": 29
        },
        "end": {
          "line": 19,
          "column": 87
        }
      },
      "9": {
        "start": {
          "line": 20,
          "column": 35
        },
        "end": {
          "line": 32,
          "column": 2
        }
      },
      "10": {
        "start": {
          "line": 20,
          "column": 70
        },
        "end": {
          "line": 32,
          "column": 1
        }
      },
      "11": {
        "start": {
          "line": 33,
          "column": 19
        },
        "end": {
          "line": 33,
          "column": 39
        }
      },
      "12": {
        "start": {
          "line": 34,
          "column": 35
        },
        "end": {
          "line": 40,
          "column": 2
        }
      },
      "13": {
        "start": {
          "line": 34,
          "column": 70
        },
        "end": {
          "line": 40,
          "column": 1
        }
      },
      "14": {
        "start": {
          "line": 42,
          "column": 2
        },
        "end": {
          "line": 69,
          "column": 4
        }
      },
      "15": {
        "start": {
          "line": 55,
          "column": 38
        },
        "end": {
          "line": 57,
          "column": 15
        }
      },
      "16": {
        "start": {
          "line": 72,
          "column": 0
        },
        "end": {
          "line": 72,
          "column": 31
        }
      },
      "17": {
        "start": {
          "line": 73,
          "column": 0
        },
        "end": {
          "line": 73,
          "column": 109
        }
      },
      "18": {
        "start": {
          "line": 74,
          "column": 0
        },
        "end": {
          "line": 83,
          "column": 3
        }
      },
      "19": {
        "start": {
          "line": 75,
          "column": 2
        },
        "end": {
          "line": 76,
          "column": 11
        }
      },
      "20": {
        "start": {
          "line": 76,
          "column": 4
        },
        "end": {
          "line": 76,
          "column": 11
        }
      },
      "21": {
        "start": {
          "line": 77,
          "column": 47
        },
        "end": {
          "line": 77,
          "column": 50
        }
      },
      "22": {
        "start": {
          "line": 78,
          "column": 2
        },
        "end": {
          "line": 82,
          "column": 3
        }
      },
      "23": {
        "start": {
          "line": 79,
          "column": 4
        },
        "end": {
          "line": 79,
          "column": 66
        }
      },
      "24": {
        "start": {
          "line": 81,
          "column": 4
        },
        "end": {
          "line": 81,
          "column": 57
        }
      }
    },
    "fnMap": {
      "0": {
        "name": "(anonymous_0)",
        "decl": {
          "start": {
            "line": 6,
            "column": 2
          },
          "end": {
            "line": 6,
            "column": 3
          }
        },
        "loc": {
          "start": {
            "line": 6,
            "column": 29
          },
          "end": {
            "line": 15,
            "column": 3
          }
        },
        "line": 6
      },
      "1": {
        "name": "(anonymous_1)",
        "decl": {
          "start": {
            "line": 8,
            "column": 27
          },
          "end": {
            "line": 8,
            "column": 28
          }
        },
        "loc": {
          "start": {
            "line": 8,
            "column": 44
          },
          "end": {
            "line": 10,
            "column": 5
          }
        },
        "line": 8
      },
      "2": {
        "name": "(anonymous_2)",
        "decl": {
          "start": {
            "line": 10,
            "column": 7
          },
          "end": {
            "line": 10,
            "column": 8
          }
        },
        "loc": {
          "start": {
            "line": 10,
            "column": 24
          },
          "end": {
            "line": 12,
            "column": 5
          }
        },
        "line": 10
      },
      "3": {
        "name": "(anonymous_3)",
        "decl": {
          "start": {
            "line": 19,
            "column": 21
          },
          "end": {
            "line": 19,
            "column": 22
          }
        },
        "loc": {
          "start": {
            "line": 19,
            "column": 29
          },
          "end": {
            "line": 19,
            "column": 87
          }
        },
        "line": 19
      },
      "4": {
        "name": "(anonymous_4)",
        "decl": {
          "start": {
            "line": 20,
            "column": 48
          },
          "end": {
            "line": 20,
            "column": 49
          }
        },
        "loc": {
          "start": {
            "line": 20,
            "column": 70
          },
          "end": {
            "line": 32,
            "column": 1
          }
        },
        "line": 20
      },
      "5": {
        "name": "(anonymous_5)",
        "decl": {
          "start": {
            "line": 34,
            "column": 48
          },
          "end": {
            "line": 34,
            "column": 49
          }
        },
        "loc": {
          "start": {
            "line": 34,
            "column": 70
          },
          "end": {
            "line": 40,
            "column": 1
          }
        },
        "line": 34
      },
      "6": {
        "name": "_sfc_render",
        "decl": {
          "start": {
            "line": 41,
            "column": 9
          },
          "end": {
            "line": 41,
            "column": 20
          }
        },
        "loc": {
          "start": {
            "line": 41,
            "column": 68
          },
          "end": {
            "line": 70,
            "column": 1
          }
        },
        "line": 41
      },
      "7": {
        "name": "(anonymous_7)",
        "decl": {
          "start": {
            "line": 55,
            "column": 32
          },
          "end": {
            "line": 55,
            "column": 33
          }
        },
        "loc": {
          "start": {
            "line": 55,
            "column": 38
          },
          "end": {
            "line": 57,
            "column": 15
          }
        },
        "line": 55
      },
      "8": {
        "name": "(anonymous_8)",
        "decl": {
          "start": {
            "line": 74,
            "column": 23
          },
          "end": {
            "line": 74,
            "column": 24
          }
        },
        "loc": {
          "start": {
            "line": 74,
            "column": 32
          },
          "end": {
            "line": 83,
            "column": 1
          }
        },
        "line": 74
      }
    },
    "branchMap": {
      "0": {
        "loc": {
          "start": {
            "line": 73,
            "column": 0
          },
          "end": {
            "line": 73,
            "column": 108
          }
        },
        "type": "binary-expr",
        "locations": [
          {
            "start": {
              "line": 73,
              "column": 0
            },
            "end": {
              "line": 73,
              "column": 42
            }
          },
          {
            "start": {
              "line": 73,
              "column": 46
            },
            "end": {
              "line": 73,
              "column": 108
            }
          }
        ],
        "line": 73
      },
      "1": {
        "loc": {
          "start": {
            "line": 75,
            "column": 2
          },
          "end": {
            "line": 76,
            "column": 11
          }
        },
        "type": "if",
        "locations": [
          {
            "start": {
              "line": 75,
              "column": 2
            },
            "end": {
              "line": 76,
              "column": 11
            }
          },
          {
            "start": {},
            "end": {}
          }
        ],
        "line": 75
      },
      "2": {
        "loc": {
          "start": {
            "line": 78,
            "column": 2
          },
          "end": {
            "line": 82,
            "column": 3
          }
        },
        "type": "if",
        "locations": [
          {
            "start": {
              "line": 78,
              "column": 2
            },
            "end": {
              "line": 82,
              "column": 3
            }
          },
          {
            "start": {
              "line": 80,
              "column": 9
            },
            "end": {
              "line": 82,
              "column": 3
            }
          }
        ],
        "line": 78
      }
    },
    "s": {
      "0": 4,
      "1": 4,
      "2": 4,
      "3": 4,
      "4": 4,
      "5": 4,
      "6": 4,
      "7": 4,
      "8": 8,
      "9": 4,
      "10": 4,
      "11": 4,
      "12": 4,
      "13": 4,
      "14": 4,
      "15": 9,
      "16": 4,
      "17": 4,
      "18": 4,
      "19": 0,
      "20": 0,
      "21": 0,
      "22": 0,
      "23": 0,
      "24": 0
    },
    "f": {
      "0": 4,
      "1": 4,
      "2": 4,
      "3": 8,
      "4": 4,
      "5": 4,
      "6": 4,
      "7": 9,
      "8": 0
    },
    "b": {
      "0": [
        4,
        4
      ],
      "1": [
        0,
        0
      ],
      "2": [
        0,
        0
      ]
    },
    "inputSourceMap": {
      "version": 3,
      "mappings": ";AAwBA,SAAS,YAAY,kBAAkB;AACvC,OAAO,cAAc;;;;;;;;;;;;;;;OApBf,gBAAuB;;sDAHzB;AAAA,EAME;AAAA;AAAA,IALA,KAAI;AAAA,IACJ,OAAM;AAAA,IACN;AAAA,IACA,OAAM;AAAA,IACN,QAAO;AAAA;;;;;qBAGJ,OAAM,UAAS;sDAKhB;AAAA,EAAoE;AAAA,IAAjE,MAAK,kDAAiD;AAAA,EAAC;AAAA,EAAM;AAAA;AAAA;;;;;;MAdtE,oBAiBS;AAAA,QAhBP;AAAA,QAQA,oBAOM,OAPN,YAOM;AAAA,UANJ,aAAwE;AAAA,YAA9D,KAAI;AAAA,YAAmB,aAAY;AAAA;UAE7C,oBAGM;AAAA,YAFJ,aAA0C,wBAA9B,IAAG,IAAG;AAAA,gCAAC,MAAU;AAAA,iCAAV,YAAU;AAAA;;;;YAC7B;AAAA;;;MAKN,aAAc;AAAA",
      "names": [],
      "sources": [
        "C:/Users/mrluc/Documents/GitHub/API-Project/src/App.vue"
      ],
      "file": "C:/Users/mrluc/Documents/GitHub/API-Project/src/App.vue"
    },
    "_coverageSchema": "1a1c01bbd47fc00a2c39e90264f33305004495a9",
    "hash": "13fdf27609bb775827589bad6a6cc7f004cc16d2"
  },
  "C:/Users/mrluc/Documents/GitHub/API-Project/src/components/InfoCard.vue": {
    "path": "C:/Users/mrluc/Documents/GitHub/API-Project/src/components/InfoCard.vue",
    "statementMap": {
      "0": {
        "start": {
          "line": 4,
          "column": 34
        },
        "end": {
          "line": 46,
          "column": 2
        }
      },
      "1": {
        "start": {
          "line": 13,
          "column": 4
        },
        "end": {
          "line": 13,
          "column": 13
        }
      },
      "2": {
        "start": {
          "line": 14,
          "column": 18
        },
        "end": {
          "line": 14,
          "column": 25
        }
      },
      "3": {
        "start": {
          "line": 15,
          "column": 16
        },
        "end": {
          "line": 15,
          "column": 26
        }
      },
      "4": {
        "start": {
          "line": 16,
          "column": 19
        },
        "end": {
          "line": 16,
          "column": 24
        }
      },
      "5": {
        "start": {
          "line": 17,
          "column": 18
        },
        "end": {
          "line": 17,
          "column": 23
        }
      },
      "6": {
        "start": {
          "line": 18,
          "column": 4
        },
        "end": {
          "line": 23,
          "column": 7
        }
      },
      "7": {
        "start": {
          "line": 19,
          "column": 19
        },
        "end": {
          "line": 19,
          "column": 44
        }
      },
      "8": {
        "start": {
          "line": 20,
          "column": 6
        },
        "end": {
          "line": 22,
          "column": 7
        }
      },
      "9": {
        "start": {
          "line": 21,
          "column": 8
        },
        "end": {
          "line": 21,
          "column": 30
        }
      },
      "10": {
        "start": {
          "line": 24,
          "column": 4
        },
        "end": {
          "line": 29,
          "column": 7
        }
      },
      "11": {
        "start": {
          "line": 25,
          "column": 19
        },
        "end": {
          "line": 25,
          "column": 43
        }
      },
      "12": {
        "start": {
          "line": 26,
          "column": 6
        },
        "end": {
          "line": 28,
          "column": 7
        }
      },
      "13": {
        "start": {
          "line": 27,
          "column": 8
        },
        "end": {
          "line": 27,
          "column": 29
        }
      },
      "14": {
        "start": {
          "line": 30,
          "column": 25
        },
        "end": {
          "line": 42,
          "column": 14
        }
      },
      "15": {
        "start": {
          "line": 31,
          "column": 6
        },
        "end": {
          "line": 31,
          "column": 19
        }
      },
      "16": {
        "start": {
          "line": 33,
          "column": 6
        },
        "end": {
          "line": 33,
          "column": 16
        }
      },
      "17": {
        "start": {
          "line": 35,
          "column": 6
        },
        "end": {
          "line": 35,
          "column": 22
        }
      },
      "18": {
        "start": {
          "line": 37,
          "column": 6
        },
        "end": {
          "line": 37,
          "column": 19
        }
      },
      "19": {
        "start": {
          "line": 39,
          "column": 6
        },
        "end": {
          "line": 39,
          "column": 21
        }
      },
      "20": {
        "start": {
          "line": 41,
          "column": 6
        },
        "end": {
          "line": 41,
          "column": 18
        }
      },
      "21": {
        "start": {
          "line": 43,
          "column": 4
        },
        "end": {
          "line": 43,
          "column": 95
        }
      },
      "22": {
        "start": {
          "line": 44,
          "column": 4
        },
        "end": {
          "line": 44,
          "column": 24
        }
      },
      "23": {
        "start": {
          "line": 48,
          "column": 21
        },
        "end": {
          "line": 48,
          "column": 88
        }
      },
      "24": {
        "start": {
          "line": 48,
          "column": 29
        },
        "end": {
          "line": 48,
          "column": 87
        }
      },
      "25": {
        "start": {
          "line": 49,
          "column": 19
        },
        "end": {
          "line": 49,
          "column": 41
        }
      },
      "26": {
        "start": {
          "line": 50,
          "column": 19
        },
        "end": {
          "line": 50,
          "column": 37
        }
      },
      "27": {
        "start": {
          "line": 51,
          "column": 19
        },
        "end": {
          "line": 51,
          "column": 38
        }
      },
      "28": {
        "start": {
          "line": 52,
          "column": 35
        },
        "end": {
          "line": 58,
          "column": 2
        }
      },
      "29": {
        "start": {
          "line": 52,
          "column": 70
        },
        "end": {
          "line": 58,
          "column": 1
        }
      },
      "30": {
        "start": {
          "line": 59,
          "column": 19
        },
        "end": {
          "line": 59,
          "column": 38
        }
      },
      "31": {
        "start": {
          "line": 60,
          "column": 35
        },
        "end": {
          "line": 66,
          "column": 2
        }
      },
      "32": {
        "start": {
          "line": 60,
          "column": 70
        },
        "end": {
          "line": 66,
          "column": 1
        }
      },
      "33": {
        "start": {
          "line": 67,
          "column": 19
        },
        "end": {
          "line": 67,
          "column": 38
        }
      },
      "34": {
        "start": {
          "line": 68,
          "column": 35
        },
        "end": {
          "line": 74,
          "column": 2
        }
      },
      "35": {
        "start": {
          "line": 68,
          "column": 70
        },
        "end": {
          "line": 74,
          "column": 1
        }
      },
      "36": {
        "start": {
          "line": 75,
          "column": 19
        },
        "end": {
          "line": 75,
          "column": 38
        }
      },
      "37": {
        "start": {
          "line": 76,
          "column": 36
        },
        "end": {
          "line": 82,
          "column": 2
        }
      },
      "38": {
        "start": {
          "line": 76,
          "column": 71
        },
        "end": {
          "line": 82,
          "column": 1
        }
      },
      "39": {
        "start": {
          "line": 83,
          "column": 20
        },
        "end": {
          "line": 83,
          "column": 39
        }
      },
      "40": {
        "start": {
          "line": 84,
          "column": 36
        },
        "end": {
          "line": 90,
          "column": 2
        }
      },
      "41": {
        "start": {
          "line": 84,
          "column": 71
        },
        "end": {
          "line": 90,
          "column": 1
        }
      },
      "42": {
        "start": {
          "line": 91,
          "column": 20
        },
        "end": {
          "line": 91,
          "column": 39
        }
      },
      "43": {
        "start": {
          "line": 92,
          "column": 36
        },
        "end": {
          "line": 98,
          "column": 2
        }
      },
      "44": {
        "start": {
          "line": 92,
          "column": 71
        },
        "end": {
          "line": 98,
          "column": 1
        }
      },
      "45": {
        "start": {
          "line": 99,
          "column": 20
        },
        "end": {
          "line": 99,
          "column": 39
        }
      },
      "46": {
        "start": {
          "line": 100,
          "column": 36
        },
        "end": {
          "line": 106,
          "column": 2
        }
      },
      "47": {
        "start": {
          "line": 100,
          "column": 71
        },
        "end": {
          "line": 106,
          "column": 1
        }
      },
      "48": {
        "start": {
          "line": 107,
          "column": 20
        },
        "end": {
          "line": 107,
          "column": 39
        }
      },
      "49": {
        "start": {
          "line": 108,
          "column": 36
        },
        "end": {
          "line": 114,
          "column": 2
        }
      },
      "50": {
        "start": {
          "line": 108,
          "column": 71
        },
        "end": {
          "line": 114,
          "column": 1
        }
      },
      "51": {
        "start": {
          "line": 116,
          "column": 2
        },
        "end": {
          "line": 204,
          "column": 5
        }
      },
      "52": {
        "start": {
          "line": 207,
          "column": 0
        },
        "end": {
          "line": 207,
          "column": 31
        }
      },
      "53": {
        "start": {
          "line": 208,
          "column": 0
        },
        "end": {
          "line": 208,
          "column": 109
        }
      },
      "54": {
        "start": {
          "line": 209,
          "column": 0
        },
        "end": {
          "line": 218,
          "column": 3
        }
      },
      "55": {
        "start": {
          "line": 210,
          "column": 2
        },
        "end": {
          "line": 211,
          "column": 11
        }
      },
      "56": {
        "start": {
          "line": 211,
          "column": 4
        },
        "end": {
          "line": 211,
          "column": 11
        }
      },
      "57": {
        "start": {
          "line": 212,
          "column": 47
        },
        "end": {
          "line": 212,
          "column": 50
        }
      },
      "58": {
        "start": {
          "line": 213,
          "column": 2
        },
        "end": {
          "line": 217,
          "column": 3
        }
      },
      "59": {
        "start": {
          "line": 214,
          "column": 4
        },
        "end": {
          "line": 214,
          "column": 66
        }
      },
      "60": {
        "start": {
          "line": 216,
          "column": 4
        },
        "end": {
          "line": 216,
          "column": 57
        }
      }
    },
    "fnMap": {
      "0": {
        "name": "(anonymous_0)",
        "decl": {
          "start": {
            "line": 12,
            "column": 2
          },
          "end": {
            "line": 12,
            "column": 3
          }
        },
        "loc": {
          "start": {
            "line": 12,
            "column": 29
          },
          "end": {
            "line": 45,
            "column": 3
          }
        },
        "line": 12
      },
      "1": {
        "name": "(anonymous_1)",
        "decl": {
          "start": {
            "line": 18,
            "column": 16
          },
          "end": {
            "line": 18,
            "column": 17
          }
        },
        "loc": {
          "start": {
            "line": 18,
            "column": 28
          },
          "end": {
            "line": 23,
            "column": 5
          }
        },
        "line": 18
      },
      "2": {
        "name": "(anonymous_2)",
        "decl": {
          "start": {
            "line": 24,
            "column": 16
          },
          "end": {
            "line": 24,
            "column": 17
          }
        },
        "loc": {
          "start": {
            "line": 24,
            "column": 28
          },
          "end": {
            "line": 29,
            "column": 5
          }
        },
        "line": 24
      },
      "3": {
        "name": "(anonymous_3)",
        "decl": {
          "start": {
            "line": 30,
            "column": 27
          },
          "end": {
            "line": 30,
            "column": 28
          }
        },
        "loc": {
          "start": {
            "line": 30,
            "column": 39
          },
          "end": {
            "line": 32,
            "column": 5
          }
        },
        "line": 30
      },
      "4": {
        "name": "(anonymous_4)",
        "decl": {
          "start": {
            "line": 32,
            "column": 7
          },
          "end": {
            "line": 32,
            "column": 8
          }
        },
        "loc": {
          "start": {
            "line": 32,
            "column": 20
          },
          "end": {
            "line": 34,
            "column": 5
          }
        },
        "line": 32
      },
      "5": {
        "name": "(anonymous_5)",
        "decl": {
          "start": {
            "line": 34,
            "column": 7
          },
          "end": {
            "line": 34,
            "column": 8
          }
        },
        "loc": {
          "start": {
            "line": 34,
            "column": 22
          },
          "end": {
            "line": 36,
            "column": 5
          }
        },
        "line": 34
      },
      "6": {
        "name": "(anonymous_6)",
        "decl": {
          "start": {
            "line": 36,
            "column": 7
          },
          "end": {
            "line": 36,
            "column": 8
          }
        },
        "loc": {
          "start": {
            "line": 36,
            "column": 23
          },
          "end": {
            "line": 38,
            "column": 5
          }
        },
        "line": 36
      },
      "7": {
        "name": "(anonymous_7)",
        "decl": {
          "start": {
            "line": 38,
            "column": 7
          },
          "end": {
            "line": 38,
            "column": 8
          }
        },
        "loc": {
          "start": {
            "line": 38,
            "column": 21
          },
          "end": {
            "line": 40,
            "column": 5
          }
        },
        "line": 38
      },
      "8": {
        "name": "(anonymous_8)",
        "decl": {
          "start": {
            "line": 40,
            "column": 7
          },
          "end": {
            "line": 40,
            "column": 8
          }
        },
        "loc": {
          "start": {
            "line": 40,
            "column": 22
          },
          "end": {
            "line": 42,
            "column": 5
          }
        },
        "line": 40
      },
      "9": {
        "name": "(anonymous_9)",
        "decl": {
          "start": {
            "line": 48,
            "column": 21
          },
          "end": {
            "line": 48,
            "column": 22
          }
        },
        "loc": {
          "start": {
            "line": 48,
            "column": 29
          },
          "end": {
            "line": 48,
            "column": 87
          }
        },
        "line": 48
      },
      "10": {
        "name": "(anonymous_10)",
        "decl": {
          "start": {
            "line": 52,
            "column": 48
          },
          "end": {
            "line": 52,
            "column": 49
          }
        },
        "loc": {
          "start": {
            "line": 52,
            "column": 70
          },
          "end": {
            "line": 58,
            "column": 1
          }
        },
        "line": 52
      },
      "11": {
        "name": "(anonymous_11)",
        "decl": {
          "start": {
            "line": 60,
            "column": 48
          },
          "end": {
            "line": 60,
            "column": 49
          }
        },
        "loc": {
          "start": {
            "line": 60,
            "column": 70
          },
          "end": {
            "line": 66,
            "column": 1
          }
        },
        "line": 60
      },
      "12": {
        "name": "(anonymous_12)",
        "decl": {
          "start": {
            "line": 68,
            "column": 48
          },
          "end": {
            "line": 68,
            "column": 49
          }
        },
        "loc": {
          "start": {
            "line": 68,
            "column": 70
          },
          "end": {
            "line": 74,
            "column": 1
          }
        },
        "line": 68
      },
      "13": {
        "name": "(anonymous_13)",
        "decl": {
          "start": {
            "line": 76,
            "column": 49
          },
          "end": {
            "line": 76,
            "column": 50
          }
        },
        "loc": {
          "start": {
            "line": 76,
            "column": 71
          },
          "end": {
            "line": 82,
            "column": 1
          }
        },
        "line": 76
      },
      "14": {
        "name": "(anonymous_14)",
        "decl": {
          "start": {
            "line": 84,
            "column": 49
          },
          "end": {
            "line": 84,
            "column": 50
          }
        },
        "loc": {
          "start": {
            "line": 84,
            "column": 71
          },
          "end": {
            "line": 90,
            "column": 1
          }
        },
        "line": 84
      },
      "15": {
        "name": "(anonymous_15)",
        "decl": {
          "start": {
            "line": 92,
            "column": 49
          },
          "end": {
            "line": 92,
            "column": 50
          }
        },
        "loc": {
          "start": {
            "line": 92,
            "column": 71
          },
          "end": {
            "line": 98,
            "column": 1
          }
        },
        "line": 92
      },
      "16": {
        "name": "(anonymous_16)",
        "decl": {
          "start": {
            "line": 100,
            "column": 49
          },
          "end": {
            "line": 100,
            "column": 50
          }
        },
        "loc": {
          "start": {
            "line": 100,
            "column": 71
          },
          "end": {
            "line": 106,
            "column": 1
          }
        },
        "line": 100
      },
      "17": {
        "name": "(anonymous_17)",
        "decl": {
          "start": {
            "line": 108,
            "column": 49
          },
          "end": {
            "line": 108,
            "column": 50
          }
        },
        "loc": {
          "start": {
            "line": 108,
            "column": 71
          },
          "end": {
            "line": 114,
            "column": 1
          }
        },
        "line": 108
      },
      "18": {
        "name": "_sfc_render",
        "decl": {
          "start": {
            "line": 115,
            "column": 9
          },
          "end": {
            "line": 115,
            "column": 20
          }
        },
        "loc": {
          "start": {
            "line": 115,
            "column": 68
          },
          "end": {
            "line": 205,
            "column": 1
          }
        },
        "line": 115
      },
      "19": {
        "name": "(anonymous_19)",
        "decl": {
          "start": {
            "line": 209,
            "column": 23
          },
          "end": {
            "line": 209,
            "column": 24
          }
        },
        "loc": {
          "start": {
            "line": 209,
            "column": 32
          },
          "end": {
            "line": 218,
            "column": 1
          }
        },
        "line": 209
      }
    },
    "branchMap": {
      "0": {
        "loc": {
          "start": {
            "line": 20,
            "column": 6
          },
          "end": {
            "line": 22,
            "column": 7
          }
        },
        "type": "if",
        "locations": [
          {
            "start": {
              "line": 20,
              "column": 6
            },
            "end": {
              "line": 22,
              "column": 7
            }
          },
          {
            "start": {},
            "end": {}
          }
        ],
        "line": 20
      },
      "1": {
        "loc": {
          "start": {
            "line": 26,
            "column": 6
          },
          "end": {
            "line": 28,
            "column": 7
          }
        },
        "type": "if",
        "locations": [
          {
            "start": {
              "line": 26,
              "column": 6
            },
            "end": {
              "line": 28,
              "column": 7
            }
          },
          {
            "start": {},
            "end": {}
          }
        ],
        "line": 26
      },
      "2": {
        "loc": {
          "start": {
            "line": 208,
            "column": 0
          },
          "end": {
            "line": 208,
            "column": 108
          }
        },
        "type": "binary-expr",
        "locations": [
          {
            "start": {
              "line": 208,
              "column": 0
            },
            "end": {
              "line": 208,
              "column": 42
            }
          },
          {
            "start": {
              "line": 208,
              "column": 46
            },
            "end": {
              "line": 208,
              "column": 108
            }
          }
        ],
        "line": 208
      },
      "3": {
        "loc": {
          "start": {
            "line": 210,
            "column": 2
          },
          "end": {
            "line": 211,
            "column": 11
          }
        },
        "type": "if",
        "locations": [
          {
            "start": {
              "line": 210,
              "column": 2
            },
            "end": {
              "line": 211,
              "column": 11
            }
          },
          {
            "start": {},
            "end": {}
          }
        ],
        "line": 210
      },
      "4": {
        "loc": {
          "start": {
            "line": 213,
            "column": 2
          },
          "end": {
            "line": 217,
            "column": 3
          }
        },
        "type": "if",
        "locations": [
          {
            "start": {
              "line": 213,
              "column": 2
            },
            "end": {
              "line": 217,
              "column": 3
            }
          },
          {
            "start": {
              "line": 215,
              "column": 9
            },
            "end": {
              "line": 217,
              "column": 3
            }
          }
        ],
        "line": 213
      }
    },
    "s": {
      "0": 4,
      "1": 4,
      "2": 4,
      "3": 4,
      "4": 4,
      "5": 4,
      "6": 4,
      "7": 4,
      "8": 4,
      "9": 0,
      "10": 4,
      "11": 4,
      "12": 4,
      "13": 0,
      "14": 4,
      "15": 0,
      "16": 0,
      "17": 16,
      "18": 0,
      "19": 16,
      "20": 0,
      "21": 4,
      "22": 4,
      "23": 4,
      "24": 32,
      "25": 4,
      "26": 4,
      "27": 4,
      "28": 4,
      "29": 4,
      "30": 4,
      "31": 4,
      "32": 4,
      "33": 4,
      "34": 4,
      "35": 4,
      "36": 4,
      "37": 4,
      "38": 4,
      "39": 4,
      "40": 4,
      "41": 4,
      "42": 4,
      "43": 4,
      "44": 4,
      "45": 4,
      "46": 4,
      "47": 4,
      "48": 4,
      "49": 4,
      "50": 4,
      "51": 4,
      "52": 4,
      "53": 4,
      "54": 4,
      "55": 0,
      "56": 0,
      "57": 0,
      "58": 0,
      "59": 0,
      "60": 0
    },
    "f": {
      "0": 4,
      "1": 4,
      "2": 4,
      "3": 0,
      "4": 0,
      "5": 16,
      "6": 0,
      "7": 16,
      "8": 0,
      "9": 32,
      "10": 4,
      "11": 4,
      "12": 4,
      "13": 4,
      "14": 4,
      "15": 4,
      "16": 4,
      "17": 4,
      "18": 4,
      "19": 0
    },
    "b": {
      "0": [
        0,
        4
      ],
      "1": [
        0,
        4
      ],
      "2": [
        4,
        4
      ],
      "3": [
        0,
        0
      ],
      "4": [
        0,
        0
      ]
    },
    "inputSourceMap": {
      "version": 3,
      "mappings": ";AAyCA,SAAS,KAAK,mBAAmB;AACjC,SAAS,gBAAgB;;;;;;;;;;;;AAEzB,QAAI,QAAQ,SAAS;AACrB,QAAI,WAAW,IAAkB;AACjC,QAAI,UAAU,IAAiB;AAS/B,gBAAY,YAAY;AACtB,YAAM,OAAO,MAAM,QAAQ;AAC3B,UAAI,KAAK,SAAS,QAAW;AAC3B,iBAAS,QAAQ;AAAA,MACnB;AAAA,IACF,CAAC;AAED,gBAAY,YAAY;AACtB,YAAM,OAAO,MAAM,QAAQ;AAC3B,UAAI,KAAK,SAAS,QAAW;AAC3B,gBAAQ,QAAQ;AAAA,MAClB;AAAA,IACF,CAAC;;;;;;;;;;;;;;;;;;;;qBAlEM,OAAM,YAAW;qBAChB,OAAM,QAAO;qBACZ,OAAM,SAAQ;sDACjB;AAAA,EAAc;AAAA;AAAA,EAAV;AAAA,EAAK;AAAA;AAAA;qBAGN,OAAM,SAAQ;sDACjB;AAAA,EAAe;AAAA;AAAA,EAAX;AAAA,EAAM;AAAA;AAAA;qBAGP,OAAM,SAAQ;sDACjB;AAAA,EAAa;AAAA;AAAA,EAAT;AAAA,EAAI;AAAA;AAAA;qBAGL,OAAM,SAAQ;uDACjB;AAAA,EAAa;AAAA;AAAA,EAAT;AAAA,EAAI;AAAA;AAAA;sBAGL,OAAM,SAAQ;uDACjB;AAAA,EAAuB;AAAA;AAAA,EAAnB;AAAA,EAAc;AAAA;AAAA;sBAGf,OAAM,SAAQ;uDACjB;AAAA,EAAgB;AAAA;AAAA,EAAZ;AAAA,EAAO;AAAA;AAAA;sBAGR,OAAM,SAAQ;uDACjB;AAAA,EAAoB;AAAA;AAAA,EAAhB;AAAA,EAAW;AAAA;AAAA;sBAGZ,OAAM,SAAQ;uDACjB;AAAA,EAAoB;AAAA;AAAA,EAAhB;AAAA,EAAW;AAAA;AAAA;;uBA/BnB,oBAkCM,OAlCN,YAkCM;AAAA,IAjCJ;AAAA,MAAkC;AAAA,MAAlC;AAAA,MAAkC,iBAAb,YAAK;AAAA;AAAA;AAAA;AAAA,IAC1B,oBAGM,OAHN,YAGM;AAAA,MAFJ;AAAA,MACA;AAAA,QAAgC;AAAA;AAAA,yBAAzB,iBAAU,OAAO;AAAA;AAAA;AAAA;AAAA;IAE1B,oBAGM,OAHN,YAGM;AAAA,MAFJ;AAAA,MACA;AAAA,QAA6B;AAAA;AAAA,yBAAtB,iBAAU,IAAI;AAAA;AAAA;AAAA;AAAA;IAEvB,oBAGM,OAHN,YAGM;AAAA,MAFJ;AAAA,MACA;AAAA,QAA4B;AAAA;AAAA,yBAArB,iBAAU,GAAG;AAAA;AAAA;AAAA;AAAA;IAEtB,oBAGM,OAHN,YAGM;AAAA,MAFJ;AAAA,MACA;AAAA,QAA4B;AAAA;AAAA,yBAArB,iBAAU,GAAG;AAAA;AAAA;AAAA;AAAA;IAEtB,oBAGM,OAHN,aAGM;AAAA,MAFJ;AAAA,MACA;AAAA,QAA4B;AAAA;AAAA,yBAArB,gBAAS,IAAI;AAAA;AAAA;AAAA;AAAA;IAEtB,oBAGM,OAHN,aAGM;AAAA,MAFJ;AAAA,MACA;AAAA,QAA8C;AAAA;AAAA,yBAAvC,gBAAS,QAAO,GAAI,WAAW;AAAA;AAAA;AAAA;AAAA;IAExC,oBAGM,OAHN,aAGM;AAAA,MAFJ;AAAA,MACA;AAAA,QAAiC;AAAA;AAAA,yBAA1B,gBAAS,KAAK,IAAI;AAAA;AAAA;AAAA;AAAA;IAE3B,oBAGM,OAHN,aAGM;AAAA,MAFJ;AAAA,MACA;AAAA,QAAkC;AAAA;AAAA,yBAA3B,gBAAS,KAAK,KAAK;AAAA;AAAA;AAAA;AAAA",
      "names": [],
      "sources": [
        "C:/Users/mrluc/Documents/GitHub/API-Project/src/components/InfoCard.vue"
      ],
      "file": "C:/Users/mrluc/Documents/GitHub/API-Project/src/components/InfoCard.vue"
    },
    "_coverageSchema": "1a1c01bbd47fc00a2c39e90264f33305004495a9",
    "hash": "71ce691b1682c765a588a1fdde0aa8ff4e70bf18"
  },
  "C:/Users/mrluc/Documents/GitHub/API-Project/src/model/Location.model.ts": {
    "path": "C:/Users/mrluc/Documents/GitHub/API-Project/src/model/Location.model.ts",
    "statementMap": {
      "0": {
        "start": {
          "line": 7,
          "column": 4
        },
        "end": {
          "line": 7,
          "column": 27
        }
      },
      "1": {
        "start": {
          "line": 8,
          "column": 4
        },
        "end": {
          "line": 8,
          "column": 21
        }
      },
      "2": {
        "start": {
          "line": 9,
          "column": 4
        },
        "end": {
          "line": 9,
          "column": 19
        }
      },
      "3": {
        "start": {
          "line": 10,
          "column": 4
        },
        "end": {
          "line": 10,
          "column": 19
        }
      }
    },
    "fnMap": {
      "0": {
        "name": "(anonymous_0)",
        "decl": {
          "start": {
            "line": 6,
            "column": 2
          },
          "end": {
            "line": 6,
            "column": 3
          }
        },
        "loc": {
          "start": {
            "line": 6,
            "column": 39
          },
          "end": {
            "line": 11,
            "column": 3
          }
        },
        "line": 6
      }
    },
    "branchMap": {},
    "s": {
      "0": 0,
      "1": 0,
      "2": 0,
      "3": 0
    },
    "f": {
      "0": 0
    },
    "b": {},
    "inputSourceMap": {
      "version": 3,
      "sources": [
        "C:/Users/mrluc/Documents/GitHub/API-Project/src/model/Location.model.ts"
      ],
      "mappings": "AAAO,aAAM,aAAa;AAAA,EACxB;AAAA,EACA;AAAA,EACA;AAAA,EACA;AAAA,EAEA,YAAY,SAAiB,MAAc,KAAa,KAAa;AACnE,SAAK,UAAU;AACf,SAAK,OAAO;AACZ,SAAK,MAAM;AACX,SAAK,MAAM;AAAA,EACb;AACF;",
      "names": []
    },
    "_coverageSchema": "1a1c01bbd47fc00a2c39e90264f33305004495a9",
    "hash": "0f3b6f757affc40814f3dcb0b06c5b650ebd2e37"
  },
  "C:/Users/mrluc/Documents/GitHub/API-Project/src/services/http.utils.ts": {
    "path": "C:/Users/mrluc/Documents/GitHub/API-Project/src/services/http.utils.ts",
    "statementMap": {
      "0": {
        "start": {
          "line": 2,
          "column": 2
        },
        "end": {
          "line": 4,
          "column": 3
        }
      },
      "1": {
        "start": {
          "line": 3,
          "column": 4
        },
        "end": {
          "line": 3,
          "column": 16
        }
      },
      "2": {
        "start": {
          "line": 5,
          "column": 2
        },
        "end": {
          "line": 7,
          "column": 3
        }
      },
      "3": {
        "start": {
          "line": 6,
          "column": 4
        },
        "end": {
          "line": 6,
          "column": 16
        }
      },
      "4": {
        "start": {
          "line": 8,
          "column": 2
        },
        "end": {
          "line": 12,
          "column": 3
        }
      },
      "5": {
        "start": {
          "line": 9,
          "column": 4
        },
        "end": {
          "line": 9,
          "column": 29
        }
      },
      "6": {
        "start": {
          "line": 11,
          "column": 4
        },
        "end": {
          "line": 11,
          "column": 25
        }
      }
    },
    "fnMap": {
      "0": {
        "name": "parseResponse",
        "decl": {
          "start": {
            "line": 1,
            "column": 16
          },
          "end": {
            "line": 1,
            "column": 29
          }
        },
        "loc": {
          "start": {
            "line": 1,
            "column": 45
          },
          "end": {
            "line": 13,
            "column": 1
          }
        },
        "line": 1
      }
    },
    "branchMap": {
      "0": {
        "loc": {
          "start": {
            "line": 2,
            "column": 2
          },
          "end": {
            "line": 4,
            "column": 3
          }
        },
        "type": "if",
        "locations": [
          {
            "start": {
              "line": 2,
              "column": 2
            },
            "end": {
              "line": 4,
              "column": 3
            }
          },
          {
            "start": {},
            "end": {}
          }
        ],
        "line": 2
      },
      "1": {
        "loc": {
          "start": {
            "line": 5,
            "column": 2
          },
          "end": {
            "line": 7,
            "column": 3
          }
        },
        "type": "if",
        "locations": [
          {
            "start": {
              "line": 5,
              "column": 2
            },
            "end": {
              "line": 7,
              "column": 3
            }
          },
          {
            "start": {},
            "end": {}
          }
        ],
        "line": 5
      },
      "2": {
        "loc": {
          "start": {
            "line": 8,
            "column": 2
          },
          "end": {
            "line": 12,
            "column": 3
          }
        },
        "type": "if",
        "locations": [
          {
            "start": {
              "line": 8,
              "column": 2
            },
            "end": {
              "line": 12,
              "column": 3
            }
          },
          {
            "start": {
              "line": 10,
              "column": 9
            },
            "end": {
              "line": 12,
              "column": 3
            }
          }
        ],
        "line": 8
      }
    },
    "s": {
      "0": 0,
      "1": 0,
      "2": 0,
      "3": 0,
      "4": 0,
      "5": 0,
      "6": 0
    },
    "f": {
      "0": 0
    },
    "b": {
      "0": [
        0,
        0
      ],
      "1": [
        0,
        0
      ],
      "2": [
        0,
        0
      ]
    },
    "inputSourceMap": {
      "version": 3,
      "sources": [
        "C:/Users/mrluc/Documents/GitHub/API-Project/src/services/http.utils.ts"
      ],
      "mappings": "AAEO,gBAAS,cACd,MACA,SACqB;AACrB,MAAI,CAAC,MAAM;AACT,WAAO;AAAA,EACT;AAEA,MAAI,YAAY,QAAW;AACzB,WAAO;AAAA,EACT;AAEA,MAAI,MAAM,QAAQ,IAAI,GAAG;AACvB,WAAO,KAAK,IAAI,OAAO;AAAA,EACzB,OAAO;AACL,WAAO,QAAQ,IAAI;AAAA,EACrB;AACF;",
      "names": []
    },
    "_coverageSchema": "1a1c01bbd47fc00a2c39e90264f33305004495a9",
    "hash": "e24c7d7a21aa43a5891c7e0e22403536e7a0e014"
  },
  "C:/Users/mrluc/Documents/GitHub/API-Project/src/services/http.service.ts": {
    "path": "C:/Users/mrluc/Documents/GitHub/API-Project/src/services/http.service.ts",
    "statementMap": {
      "0": {
        "start": {
          "line": 5,
          "column": 2
        },
        "end": {
          "line": 11,
          "column": 5
        }
      },
      "1": {
        "start": {
          "line": 14,
          "column": 2
        },
        "end": {
          "line": 21,
          "column": 5
        }
      },
      "2": {
        "start": {
          "line": 24,
          "column": 34
        },
        "end": {
          "line": 24,
          "column": 41
        }
      },
      "3": {
        "start": {
          "line": 25,
          "column": 2
        },
        "end": {
          "line": 27,
          "column": 3
        }
      },
      "4": {
        "start": {
          "line": 26,
          "column": 4
        },
        "end": {
          "line": 26,
          "column": 17
        }
      },
      "5": {
        "start": {
          "line": 28,
          "column": 19
        },
        "end": {
          "line": 42,
          "column": 4
        }
      },
      "6": {
        "start": {
          "line": 35,
          "column": 4
        },
        "end": {
          "line": 41,
          "column": 5
        }
      },
      "7": {
        "start": {
          "line": 36,
          "column": 6
        },
        "end": {
          "line": 36,
          "column": 65
        }
      },
      "8": {
        "start": {
          "line": 37,
          "column": 11
        },
        "end": {
          "line": 41,
          "column": 5
        }
      },
      "9": {
        "start": {
          "line": 38,
          "column": 6
        },
        "end": {
          "line": 38,
          "column": 68
        }
      },
      "10": {
        "start": {
          "line": 40,
          "column": 6
        },
        "end": {
          "line": 40,
          "column": 22
        }
      },
      "11": {
        "start": {
          "line": 43,
          "column": 25
        },
        "end": {
          "line": 43,
          "column": 63
        }
      },
      "12": {
        "start": {
          "line": 44,
          "column": 2
        },
        "end": {
          "line": 46,
          "column": 3
        }
      },
      "13": {
        "start": {
          "line": 45,
          "column": 4
        },
        "end": {
          "line": 45,
          "column": 43
        }
      },
      "14": {
        "start": {
          "line": 47,
          "column": 2
        },
        "end": {
          "line": 47,
          "column": 24
        }
      }
    },
    "fnMap": {
      "0": {
        "name": "get",
        "decl": {
          "start": {
            "line": 4,
            "column": 16
          },
          "end": {
            "line": 4,
            "column": 19
          }
        },
        "loc": {
          "start": {
            "line": 4,
            "column": 42
          },
          "end": {
            "line": 12,
            "column": 1
          }
        },
        "line": 4
      },
      "1": {
        "name": "post",
        "decl": {
          "start": {
            "line": 13,
            "column": 16
          },
          "end": {
            "line": 13,
            "column": 20
          }
        },
        "loc": {
          "start": {
            "line": 13,
            "column": 50
          },
          "end": {
            "line": 22,
            "column": 1
          }
        },
        "line": 13
      },
      "2": {
        "name": "doRequest",
        "decl": {
          "start": {
            "line": 23,
            "column": 22
          },
          "end": {
            "line": 23,
            "column": 31
          }
        },
        "loc": {
          "start": {
            "line": 23,
            "column": 41
          },
          "end": {
            "line": 48,
            "column": 1
          }
        },
        "line": 23
      },
      "3": {
        "name": "(anonymous_3)",
        "decl": {
          "start": {
            "line": 34,
            "column": 11
          },
          "end": {
            "line": 34,
            "column": 12
          }
        },
        "loc": {
          "start": {
            "line": 34,
            "column": 20
          },
          "end": {
            "line": 42,
            "column": 3
          }
        },
        "line": 34
      }
    },
    "branchMap": {
      "0": {
        "loc": {
          "start": {
            "line": 25,
            "column": 2
          },
          "end": {
            "line": 27,
            "column": 3
          }
        },
        "type": "if",
        "locations": [
          {
            "start": {
              "line": 25,
              "column": 2
            },
            "end": {
              "line": 27,
              "column": 3
            }
          },
          {
            "start": {},
            "end": {}
          }
        ],
        "line": 25
      },
      "1": {
        "loc": {
          "start": {
            "line": 35,
            "column": 4
          },
          "end": {
            "line": 41,
            "column": 5
          }
        },
        "type": "if",
        "locations": [
          {
            "start": {
              "line": 35,
              "column": 4
            },
            "end": {
              "line": 41,
              "column": 5
            }
          },
          {
            "start": {
              "line": 37,
              "column": 11
            },
            "end": {
              "line": 41,
              "column": 5
            }
          }
        ],
        "line": 35
      },
      "2": {
        "loc": {
          "start": {
            "line": 37,
            "column": 11
          },
          "end": {
            "line": 41,
            "column": 5
          }
        },
        "type": "if",
        "locations": [
          {
            "start": {
              "line": 37,
              "column": 11
            },
            "end": {
              "line": 41,
              "column": 5
            }
          },
          {
            "start": {
              "line": 39,
              "column": 11
            },
            "end": {
              "line": 41,
              "column": 5
            }
          }
        ],
        "line": 37
      },
      "3": {
        "loc": {
          "start": {
            "line": 44,
            "column": 2
          },
          "end": {
            "line": 46,
            "column": 3
          }
        },
        "type": "if",
        "locations": [
          {
            "start": {
              "line": 44,
              "column": 2
            },
            "end": {
              "line": 46,
              "column": 3
            }
          },
          {
            "start": {},
            "end": {}
          }
        ],
        "line": 44
      }
    },
    "s": {
      "0": 0,
      "1": 0,
      "2": 0,
      "3": 0,
      "4": 0,
      "5": 0,
      "6": 0,
      "7": 0,
      "8": 0,
      "9": 0,
      "10": 0,
      "11": 0,
      "12": 0,
      "13": 0,
      "14": 0
    },
    "f": {
      "0": 0,
      "1": 0,
      "2": 0,
      "3": 0
    },
    "b": {
      "0": [
        0,
        0
      ],
      "1": [
        0,
        0
      ],
      "2": [
        0,
        0
      ],
      "3": [
        0,
        0
      ]
    },
    "inputSourceMap": {
      "version": 3,
      "sources": [
        "C:/Users/mrluc/Documents/GitHub/API-Project/src/services/http.service.ts"
      ],
      "mappings": "AAAA,OAAO,SAAS,kBAAkB;AAClC,OAAO,OAAO;AACd,SAAS,qBAAqB;AAGvB,gBAAS,IACd,KACA,QACA,SACuB;AACvB,SAAO,UAAU;AAAA,IACf;AAAA,IACA,QAAQ;AAAA,IACR,UAAU;AAAA,IACV;AAAA,IACA;AAAA,EACF,CAAC;AACH;AAEO,gBAAS,KACd,KACA,MACA,SACA,SACuB;AACvB,SAAO,UAAU;AAAA,IACf;AAAA,IACA,QAAQ;AAAA,IACR,UAAU;AAAA,IACV;AAAA,IACA;AAAA,IACA;AAAA,EACF,CAAC;AACH;AAWA,sBAAsB,UACpB,SACuB;AAEvB,MAAI,EAAE,KAAK,SAAS,QAAQ,IAAI;AAEhC,MAAI,EAAE,MAAM,OAAO,GAAG;AACpB,cAAU,CAAC;AAAA,EACb;AAOA,QAAM,WAAW,MAAM,MAAM,QAAQ;AAAA,IACnC;AAAA,IACA,QAAQ,QAAQ;AAAA,IAChB;AAAA,IACA,QAAQ,QAAQ;AAAA,IAChB,MAAM,QAAQ;AAAA,EAChB,CAAC,EAAE,MAAM,CAAC,QAAoB;AAC5B,QAAI,IAAI,UAAU,WAAW,KAAK;AAChC,YAAM,IAAI,UAAU,aAAa,wBAAwB;AAAA,IAC3D,WAAW,IAAI,UAAU,WAAW,KAAK;AACvC,YAAM,IAAI,UAAU,aAAa,2BAA2B;AAAA,IAC9D,OAAO;AACL,YAAM,IAAI,IAAI;AAAA,IAChB;AAAA,EACF,CAAC;AAED,QAAM,iBAAiB,cAAc,UAAU,MAAM,OAAO;AAC5D,MAAI,mBAAmB,MAAM;AAC3B,UAAM,IAAI,MAAM,qBAAqB;AAAA,EACvC;AACA,SAAO;AACT;AAEA,eAAe;AAAA,EACb;AAAA,EACA;AAAA,EACA;AACF;",
      "names": []
    },
    "_coverageSchema": "1a1c01bbd47fc00a2c39e90264f33305004495a9",
    "hash": "82cf117c87be959ea377a445729a931c5934abc3"
  },
  "C:/Users/mrluc/Documents/GitHub/API-Project/src/services/api/geocoding.service.ts": {
    "path": "C:/Users/mrluc/Documents/GitHub/API-Project/src/services/api/geocoding.service.ts",
    "statementMap": {
      "0": {
        "start": {
          "line": 3,
          "column": 22
        },
        "end": {
          "line": 3,
          "column": 78
        }
      },
      "1": {
        "start": {
          "line": 3,
          "column": 29
        },
        "end": {
          "line": 3,
          "column": 78
        }
      },
      "2": {
        "start": {
          "line": 4,
          "column": 16
        },
        "end": {
          "line": 4,
          "column": 63
        }
      },
      "3": {
        "start": {
          "line": 5,
          "column": 15
        },
        "end": {
          "line": 5,
          "column": 58
        }
      },
      "4": {
        "start": {
          "line": 7,
          "column": 19
        },
        "end": {
          "line": 11,
          "column": 3
        }
      },
      "5": {
        "start": {
          "line": 12,
          "column": 2
        },
        "end": {
          "line": 12,
          "column": 18
        }
      }
    },
    "fnMap": {
      "0": {
        "name": "(anonymous_0)",
        "decl": {
          "start": {
            "line": 3,
            "column": 22
          },
          "end": {
            "line": 3,
            "column": 23
          }
        },
        "loc": {
          "start": {
            "line": 3,
            "column": 29
          },
          "end": {
            "line": 3,
            "column": 78
          }
        },
        "line": 3
      },
      "1": {
        "name": "getLocationByName",
        "decl": {
          "start": {
            "line": 6,
            "column": 22
          },
          "end": {
            "line": 6,
            "column": 39
          }
        },
        "loc": {
          "start": {
            "line": 6,
            "column": 53
          },
          "end": {
            "line": 13,
            "column": 1
          }
        },
        "line": 6
      }
    },
    "branchMap": {},
    "s": {
      "0": 4,
      "1": 0,
      "2": 4,
      "3": 4,
      "4": 0,
      "5": 0
    },
    "f": {
      "0": 0,
      "1": 0
    },
    "b": {},
    "inputSourceMap": {
      "version": 3,
      "sources": [
        "C:/Users/mrluc/Documents/GitHub/API-Project/src/services/api/geocoding.service.ts"
      ],
      "mappings": "AAAA,SAAS,oBAAoB;AAC7B,OAAO,iBAAiB;AAExB,MAAM,gBAAgB,CAAC,MACrB,IAAI,aAAa,EAAE,SAAS,EAAE,MAAM,EAAE,KAAK,EAAE,GAAG;AAElD,MAAM,UAAU;AAChB,MAAM,SAAS,YAAY,IAAI;AAE/B,sBAAsB,kBACpB,MACA,OACuB;AACvB,QAAM,WAAW,MAAM,YAAY;AAAA,IACjC,GAAG;AAAA,IACH,EAAE,GAAG,MAAM,OAAc,OAAO,OAAO;AAAA,IACvC;AAAA,EACF;AACA,SAAO;AACT;",
      "names": []
    },
    "_coverageSchema": "1a1c01bbd47fc00a2c39e90264f33305004495a9",
    "hash": "9cd5b3dedb7a95a71d862aeef595e5ea9f4f02b0"
  },
  "C:/Users/mrluc/Documents/GitHub/API-Project/src/model/ImageB64.model.ts": {
    "path": "C:/Users/mrluc/Documents/GitHub/API-Project/src/model/ImageB64.model.ts",
    "statementMap": {
      "0": {
        "start": {
          "line": 4,
          "column": 4
        },
        "end": {
          "line": 4,
          "column": 21
        }
      }
    },
    "fnMap": {
      "0": {
        "name": "(anonymous_0)",
        "decl": {
          "start": {
            "line": 3,
            "column": 2
          },
          "end": {
            "line": 3,
            "column": 3
          }
        },
        "loc": {
          "start": {
            "line": 3,
            "column": 20
          },
          "end": {
            "line": 5,
            "column": 3
          }
        },
        "line": 3
      }
    },
    "branchMap": {},
    "s": {
      "0": 0
    },
    "f": {
      "0": 0
    },
    "b": {},
    "inputSourceMap": {
      "version": 3,
      "sources": [
        "C:/Users/mrluc/Documents/GitHub/API-Project/src/model/ImageB64.model.ts"
      ],
      "mappings": "AAAO,aAAM,UAAU;AAAA,EACrB;AAAA,EAMA,YAAY,MAA8B;AACxC,SAAK,OAAO;AAAA,EACd;AACF;",
      "names": []
    },
    "_coverageSchema": "1a1c01bbd47fc00a2c39e90264f33305004495a9",
    "hash": "9de8349d409b77814ef48fabe3f89058f760d3b5"
  },
  "C:/Users/mrluc/Documents/GitHub/API-Project/src/services/api/textToImage.service.ts": {
    "path": "C:/Users/mrluc/Documents/GitHub/API-Project/src/services/api/textToImage.service.ts",
    "statementMap": {
      "0": {
        "start": {
          "line": 3,
          "column": 19
        },
        "end": {
          "line": 3,
          "column": 47
        }
      },
      "1": {
        "start": {
          "line": 3,
          "column": 26
        },
        "end": {
          "line": 3,
          "column": 47
        }
      },
      "2": {
        "start": {
          "line": 4,
          "column": 16
        },
        "end": {
          "line": 4,
          "column": 62
        }
      },
      "3": {
        "start": {
          "line": 5,
          "column": 15
        },
        "end": {
          "line": 5,
          "column": 50
        }
      },
      "4": {
        "start": {
          "line": 6,
          "column": 16
        },
        "end": {
          "line": 8,
          "column": 1
        }
      },
      "5": {
        "start": {
          "line": 10,
          "column": 16
        },
        "end": {
          "line": 15,
          "column": 3
        }
      },
      "6": {
        "start": {
          "line": 16,
          "column": 2
        },
        "end": {
          "line": 16,
          "column": 15
        }
      }
    },
    "fnMap": {
      "0": {
        "name": "(anonymous_0)",
        "decl": {
          "start": {
            "line": 3,
            "column": 19
          },
          "end": {
            "line": 3,
            "column": 20
          }
        },
        "loc": {
          "start": {
            "line": 3,
            "column": 26
          },
          "end": {
            "line": 3,
            "column": 47
          }
        },
        "line": 3
      },
      "1": {
        "name": "createImage",
        "decl": {
          "start": {
            "line": 9,
            "column": 22
          },
          "end": {
            "line": 9,
            "column": 33
          }
        },
        "loc": {
          "start": {
            "line": 9,
            "column": 42
          },
          "end": {
            "line": 17,
            "column": 1
          }
        },
        "line": 9
      }
    },
    "branchMap": {},
    "s": {
      "0": 4,
      "1": 0,
      "2": 4,
      "3": 4,
      "4": 4,
      "5": 0,
      "6": 0
    },
    "f": {
      "0": 0,
      "1": 0
    },
    "b": {},
    "inputSourceMap": {
      "version": 3,
      "sources": [
        "C:/Users/mrluc/Documents/GitHub/API-Project/src/services/api/textToImage.service.ts"
      ],
      "mappings": "AAAA,SAAS,iBAAiB;AAC1B,OAAO,iBAAiB;AAExB,MAAM,aAAa,CAAC,MAAW,IAAI,UAAU,EAAE,IAAI;AAEnD,MAAM,UAAU;AAChB,MAAM,SAAS,YAAY,IAAI;AAE/B,MAAM,UAA6C;AAAA,EACjD,eAAe,YAAY;AAC7B;AAEA,sBAAsB,YAAY,QAAoC;AACpE,QAAM,QAAQ,MAAM,YAAY;AAAA,IAC9B,GAAG;AAAA,IACH,EAAE,QAAgB,GAAG,GAAG,MAAM,aAAa,iBAAiB,WAAW;AAAA,IACvE;AAAA,IACA;AAAA,EACF;AACA,SAAO;AACT;",
      "names": []
    },
    "_coverageSchema": "1a1c01bbd47fc00a2c39e90264f33305004495a9",
    "hash": "fc3b07e550a0a85b183df31e4e245131f78fdbbb"
  },
  "C:/Users/mrluc/Documents/GitHub/API-Project/src/model/Weather.model.ts": {
    "path": "C:/Users/mrluc/Documents/GitHub/API-Project/src/model/Weather.model.ts",
    "statementMap": {
      "0": {
        "start": {
          "line": 7,
          "column": 4
        },
        "end": {
          "line": 7,
          "column": 21
        }
      },
      "1": {
        "start": {
          "line": 8,
          "column": 4
        },
        "end": {
          "line": 8,
          "column": 21
        }
      },
      "2": {
        "start": {
          "line": 9,
          "column": 4
        },
        "end": {
          "line": 9,
          "column": 21
        }
      },
      "3": {
        "start": {
          "line": 10,
          "column": 4
        },
        "end": {
          "line": 10,
          "column": 27
        }
      }
    },
    "fnMap": {
      "0": {
        "name": "(anonymous_0)",
        "decl": {
          "start": {
            "line": 6,
            "column": 2
          },
          "end": {
            "line": 6,
            "column": 3
          }
        },
        "loc": {
          "start": {
            "line": 6,
            "column": 41
          },
          "end": {
            "line": 11,
            "column": 3
          }
        },
        "line": 6
      }
    },
    "branchMap": {},
    "s": {
      "0": 0,
      "1": 0,
      "2": 0,
      "3": 0
    },
    "f": {
      "0": 0
    },
    "b": {},
    "inputSourceMap": {
      "version": 3,
      "sources": [
        "C:/Users/mrluc/Documents/GitHub/API-Project/src/model/Weather.model.ts"
      ],
      "mappings": "AAAO,aAAM,YAAY;AAAA,EACvB;AAAA,EACA;AAAA,EAIA;AAAA,EAMA;AAAA,EAQA,YACE,MACA,MACA,MAMA,SAOA;AACA,SAAK,OAAO;AACZ,SAAK,OAAO;AACZ,SAAK,OAAO;AACZ,SAAK,UAAU;AAAA,EACjB;AACF;",
      "names": []
    },
    "_coverageSchema": "1a1c01bbd47fc00a2c39e90264f33305004495a9",
    "hash": "9ed15fb7c3bd8baa4cdfa69bfaccac88aa9a29b3"
  },
  "C:/Users/mrluc/Documents/GitHub/API-Project/src/services/api/weather.service.ts": {
    "path": "C:/Users/mrluc/Documents/GitHub/API-Project/src/services/api/weather.service.ts",
    "statementMap": {
      "0": {
        "start": {
          "line": 3,
          "column": 21
        },
        "end": {
          "line": 3,
          "column": 78
        }
      },
      "1": {
        "start": {
          "line": 3,
          "column": 28
        },
        "end": {
          "line": 3,
          "column": 78
        }
      },
      "2": {
        "start": {
          "line": 4,
          "column": 16
        },
        "end": {
          "line": 4,
          "column": 65
        }
      },
      "3": {
        "start": {
          "line": 5,
          "column": 15
        },
        "end": {
          "line": 5,
          "column": 58
        }
      },
      "4": {
        "start": {
          "line": 7,
          "column": 18
        },
        "end": {
          "line": 16,
          "column": 3
        }
      },
      "5": {
        "start": {
          "line": 17,
          "column": 2
        },
        "end": {
          "line": 17,
          "column": 17
        }
      }
    },
    "fnMap": {
      "0": {
        "name": "(anonymous_0)",
        "decl": {
          "start": {
            "line": 3,
            "column": 21
          },
          "end": {
            "line": 3,
            "column": 22
          }
        },
        "loc": {
          "start": {
            "line": 3,
            "column": 28
          },
          "end": {
            "line": 3,
            "column": 78
          }
        },
        "line": 3
      },
      "1": {
        "name": "getWeather",
        "decl": {
          "start": {
            "line": 6,
            "column": 22
          },
          "end": {
            "line": 6,
            "column": 32
          }
        },
        "loc": {
          "start": {
            "line": 6,
            "column": 43
          },
          "end": {
            "line": 18,
            "column": 1
          }
        },
        "line": 6
      }
    },
    "branchMap": {},
    "s": {
      "0": 4,
      "1": 0,
      "2": 4,
      "3": 4,
      "4": 0,
      "5": 0
    },
    "f": {
      "0": 0,
      "1": 0
    },
    "b": {},
    "inputSourceMap": {
      "version": 3,
      "sources": [
        "C:/Users/mrluc/Documents/GitHub/API-Project/src/services/api/weather.service.ts"
      ],
      "mappings": "AAAA,SAAS,mBAAmB;AAC5B,OAAO,iBAAiB;AAExB,MAAM,eAAe,CAAC,MACpB,IAAI,YAAY,EAAE,MAAM,EAAE,MAAM,EAAE,MAAM,EAAE,OAAO;AAEnD,MAAM,UAAU;AAChB,MAAM,SAAS,YAAY,IAAI;AAE/B,sBAAsB,WACpB,KACA,KACsB;AACtB,QAAM,UAAU,MAAM,YAAY;AAAA,IAChC,GAAG;AAAA,IACH;AAAA,MACE;AAAA,MACA;AAAA,MACA,OAAO;AAAA,MACP,OAAO;AAAA,IACT;AAAA,IACA;AAAA,EACF;AACA,SAAO;AACT;",
      "names": []
    },
    "_coverageSchema": "1a1c01bbd47fc00a2c39e90264f33305004495a9",
    "hash": "9a40e69ce3829b5ae0a1fa1683221455856912bf"
  },
  "C:/Users/mrluc/Documents/GitHub/API-Project/src/components/InputLocation.vue": {
    "path": "C:/Users/mrluc/Documents/GitHub/API-Project/src/components/InputLocation.vue",
    "statementMap": {
      "0": {
        "start": {
          "line": 7,
          "column": 34
        },
        "end": {
          "line": 107,
          "column": 2
        }
      },
      "1": {
        "start": {
          "line": 11,
          "column": 4
        },
        "end": {
          "line": 11,
          "column": 13
        }
      },
      "2": {
        "start": {
          "line": 12,
          "column": 16
        },
        "end": {
          "line": 12,
          "column": 26
        }
      },
      "3": {
        "start": {
          "line": 13,
          "column": 18
        },
        "end": {
          "line": 13,
          "column": 28
        }
      },
      "4": {
        "start": {
          "line": 14,
          "column": 15
        },
        "end": {
          "line": 14,
          "column": 22
        }
      },
      "5": {
        "start": {
          "line": 15,
          "column": 16
        },
        "end": {
          "line": 21,
          "column": 5
        }
      },
      "6": {
        "start": {
          "line": 17,
          "column": 8
        },
        "end": {
          "line": 18,
          "column": 22
        }
      },
      "7": {
        "start": {
          "line": 18,
          "column": 10
        },
        "end": {
          "line": 18,
          "column": 22
        }
      },
      "8": {
        "start": {
          "line": 19,
          "column": 8
        },
        "end": {
          "line": 19,
          "column": 47
        }
      },
      "9": {
        "start": {
          "line": 23,
          "column": 21
        },
        "end": {
          "line": 23,
          "column": 32
        }
      },
      "10": {
        "start": {
          "line": 24,
          "column": 6
        },
        "end": {
          "line": 55,
          "column": 7
        }
      },
      "11": {
        "start": {
          "line": 25,
          "column": 8
        },
        "end": {
          "line": 25,
          "column": 29
        }
      },
      "12": {
        "start": {
          "line": 26,
          "column": 30
        },
        "end": {
          "line": 26,
          "column": 64
        }
      },
      "13": {
        "start": {
          "line": 27,
          "column": 8
        },
        "end": {
          "line": 30,
          "column": 9
        }
      },
      "14": {
        "start": {
          "line": 28,
          "column": 10
        },
        "end": {
          "line": 28,
          "column": 32
        }
      },
      "15": {
        "start": {
          "line": 29,
          "column": 10
        },
        "end": {
          "line": 29,
          "column": 17
        }
      },
      "16": {
        "start": {
          "line": 31,
          "column": 28
        },
        "end": {
          "line": 34,
          "column": 9
        }
      },
      "17": {
        "start": {
          "line": 35,
          "column": 8
        },
        "end": {
          "line": 38,
          "column": 9
        }
      },
      "18": {
        "start": {
          "line": 36,
          "column": 10
        },
        "end": {
          "line": 36,
          "column": 32
        }
      },
      "19": {
        "start": {
          "line": 37,
          "column": 10
        },
        "end": {
          "line": 37,
          "column": 17
        }
      },
      "20": {
        "start": {
          "line": 39,
          "column": 8
        },
        "end": {
          "line": 42,
          "column": 9
        }
      },
      "21": {
        "start": {
          "line": 40,
          "column": 10
        },
        "end": {
          "line": 40,
          "column": 58
        }
      },
      "22": {
        "start": {
          "line": 41,
          "column": 10
        },
        "end": {
          "line": 41,
          "column": 55
        }
      },
      "23": {
        "start": {
          "line": 43,
          "column": 20
        },
        "end": {
          "line": 47,
          "column": 19
        }
      },
      "24": {
        "start": {
          "line": 48,
          "column": 8
        },
        "end": {
          "line": 48,
          "column": 30
        }
      },
      "25": {
        "start": {
          "line": 49,
          "column": 26
        },
        "end": {
          "line": 49,
          "column": 57
        }
      },
      "26": {
        "start": {
          "line": 50,
          "column": 8
        },
        "end": {
          "line": 50,
          "column": 31
        }
      },
      "27": {
        "start": {
          "line": 51,
          "column": 8
        },
        "end": {
          "line": 53,
          "column": 9
        }
      },
      "28": {
        "start": {
          "line": 52,
          "column": 10
        },
        "end": {
          "line": 52,
          "column": 51
        }
      },
      "29": {
        "start": {
          "line": 54,
          "column": 8
[...]
            "end": {
              "line": 79,
              "column": 45
            }
          }
        ],
        "line": 73
      },
      "4": {
        "loc": {
          "start": {
            "line": 80,
            "column": 6
          },
          "end": {
            "line": 80,
            "column": 184
          }
        },
        "type": "cond-expr",
        "locations": [
          {
            "start": {
              "line": 80,
              "column": 40
            },
            "end": {
              "line": 80,
              "column": 147
            }
          },
          {
            "start": {
              "line": 80,
              "column": 151
            },
            "end": {
              "line": 80,
              "column": 184
            }
          }
        ],
        "line": 80
      },
      "5": {
        "loc": {
          "start": {
            "line": 86,
            "column": 0
          },
          "end": {
            "line": 86,
            "column": 108
          }
        },
        "type": "binary-expr",
        "locations": [
          {
            "start": {
              "line": 86,
              "column": 0
            },
            "end": {
              "line": 86,
              "column": 42
            }
          },
          {
            "start": {
              "line": 86,
              "column": 46
            },
            "end": {
              "line": 86,
              "column": 108
            }
          }
        ],
        "line": 86
      },
      "6": {
        "loc": {
          "start": {
            "line": 88,
            "column": 2
          },
          "end": {
            "line": 89,
            "column": 11
          }
        },
        "type": "if",
        "locations": [
          {
            "start": {
              "line": 88,
              "column": 2
            },
            "end": {
              "line": 89,
              "column": 11
            }
          },
          {
            "start": {},
            "end": {}
          }
        ],
        "line": 88
      },
      "7": {
        "loc": {
          "start": {
            "line": 91,
            "column": 2
          },
          "end": {
            "line": 95,
            "column": 3
          }
        },
        "type": "if",
        "locations": [
          {
            "start": {
              "line": 91,
              "column": 2
            },
            "end": {
              "line": 95,
              "column": 3
            }
          },
          {
            "start": {
              "line": 93,
              "column": 9
            },
            "end": {
              "line": 95,
              "column": 3
            }
          }
        ],
        "line": 91
      }
    },
    "s": {
      "0": 4,
      "1": 4,
      "2": 4,
      "3": 4,
      "4": 4,
      "5": 4,
      "6": 4,
      "7": 4,
      "8": 0,
      "9": 0,
      "10": 0,
      "11": 0,
      "12": 4,
      "13": 0,
      "14": 0,
      "15": 0,
      "16": 0,
      "17": 12,
      "18": 0,
      "19": 4,
      "20": 4,
      "21": 4,
      "22": 4,
      "23": 4,
      "24": 4,
      "25": 4,
      "26": 4,
      "27": 4,
      "28": 4,
      "29": 4,
      "30": 4,
      "31": 4,
      "32": 0,
      "33": 0,
      "34": 0,
      "35": 0,
      "36": 0,
      "37": 0
    },
    "f": {
      "0": 4,
      "1": 4,
      "2": 0,
      "3": 0,
      "4": 0,
      "5": 0,
      "6": 0,
      "7": 12,
      "8": 0,
      "9": 4,
      "10": 0
    },
    "b": {
      "0": [
        0,
        4
      ],
      "1": [
        0,
        0
      ],
      "2": [
        0,
        4
      ],
      "3": [
        0,
        4
      ],
      "4": [
        4,
        0
      ],
      "5": [
        4,
        4
      ],
      "6": [
        0,
        0
      ],
      "7": [
        0,
        0
      ]
    },
    "inputSourceMap": {
      "version": 3,
      "mappings": ";AA4BA,OAAO,cAAc;AACrB,OAAO,mBAAmB;AAE1B,SAAS,KAAK,mBAAmB;AACjC,SAAS,gBAAgB;;;;;AAEzB,QAAI,QAAQ,SAAS;AACrB,QAAI,QAAQ,IAAe;AAC3B,QAAI,eAAe,IAAI;AAEvB,gBAAY,YAAY;AACtB,YAAM,OAAO,MAAM,QAAQ;AAC3B,UAAI,KAAK,SAAS,QAAW;AAC3B,cAAM,QAAQ;AAAA,MAChB;AAAA,IACF,CAAC;AAED,aAAS,aAAa,GAAY;AAChC,UAAI,GAAG;AACL,qBAAa,QAAQ;AAAA,MACvB,OAAO;AACL,qBAAa,QAAQ;AAAA,MACvB;AAAA,IACF;;;;;;;;;;;;;;;;;;;qBAlDO,OAAM,OAAM;qBACV,OAAM,eAAc;mBAEvB;AAAA,EAAM;AAAA;AAAA;AAAA;AAAA;AAAA;qBAGH,OAAM,QAAO;;;;EAauB,OAAM;;;;uBAnBjD,oBAuBM,OAvBN,YAuBM;AAAA,IAtBJ,oBAIM,OAJN,YAIM;AAAA,MAHJ,aAA4C,sBAAlC,OAAM,iBAAgB;AAAA,MAChC;AAAA,MACA,aAAuD,2BAAvC,WAAS,oBAAY;AAAA;IAEvC,oBAgBM,OAhBN,YAgBM;AAAA,MAdI,wBAAY,uBADpB,oBAIE;AAAA;QAFA,OAAM;AAAA,QACC,KAAG,4BAA8B,cAAO,KAAI,GAAI;AAAA;MAIjD,wBAAY,sBAFpB,aAMuB;AAAA;QALrB,OAAM;AAAA,QAEN;AAAA,QACC,MAAM;AAAA,QACN,OAAO;AAAA;MAEC,wBAAiB,wBAA5B,oBAEM,OAFN,YAA4D,qDAE5D",
      "names": [],
      "sources": [
        "C:/Users/mrluc/Documents/GitHub/API-Project/src/views/HomeView.vue"
      ],
      "file": "C:/Users/mrluc/Documents/GitHub/API-Project/src/views/HomeView.vue"
    },
    "_coverageSchema": "1a1c01bbd47fc00a2c39e90264f33305004495a9",
    "hash": "182fd36507d458b282b2341cd3ced0d885e041ea"
  },
  "C:/Users/mrluc/Documents/GitHub/API-Project/src/views/NotFoundView.vue": {
    "path": "C:/Users/mrluc/Documents/GitHub/API-Project/src/views/NotFoundView.vue",
    "statementMap": {
      "0": {
        "start": {
          "line": 1,
          "column": 18
        },
        "end": {
          "line": 1,
          "column": 20
        }
      },
      "1": {
        "start": {
          "line": 4,
          "column": 19
        },
        "end": {
          "line": 4,
          "column": 36
        }
      },
      "2": {
        "start": {
          "line": 5,
          "column": 32
        },
        "end": {
          "line": 5,
          "column": 88
        }
      },
      "3": {
        "start": {
          "line": 6,
          "column": 32
        },
        "end": {
          "line": 6,
          "column": 112
        }
      },
      "4": {
        "start": {
          "line": 7,
          "column": 19
        },
        "end": {
          "line": 10,
          "column": 1
        }
      },
      "5": {
        "start": {
          "line": 13,
          "column": 2
        },
        "end": {
          "line": 13,
          "column": 75
        }
      },
      "6": {
        "start": {
          "line": 18,
          "column": 0
        },
        "end": {
          "line": 18,
          "column": 30
        }
      },
      "7": {
        "start": {
          "line": 19,
          "column": 0
        },
        "end": {
          "line": 19,
          "column": 108
        }
      },
      "8": {
        "start": {
          "line": 20,
          "column": 0
        },
        "end": {
          "line": 28,
          "column": 2
        }
      },
      "9": {
        "start": {
          "line": 21,
          "column": 2
        },
        "end": {
          "line": 21,
          "column": 18
        }
      },
      "10": {
        "start": {
          "line": 21,
          "column": 12
        },
        "end": {
          "line": 21,
          "column": 18
        }
      },
      "11": {
        "start": {
          "line": 22,
          "column": 47
        },
        "end": {
          "line": 22,
          "column": 50
        }
      },
      "12": {
        "start": {
          "line": 23,
          "column": 2
        },
        "end": {
          "line": 27,
          "column": 3
        }
      },
      "13": {
        "start": {
          "line": 24,
          "column": 4
        },
        "end": {
          "line": 24,
          "column": 65
        }
      },
      "14": {
        "start": {
          "line": 26,
          "column": 4
        },
        "end": {
          "line": 26,
          "column": 56
        }
      }
    },
    "fnMap": {
      "0": {
        "name": "_sfc_render",
        "decl": {
          "start": {
            "line": 12,
            "column": 9
          },
          "end": {
            "line": 12,
            "column": 20
          }
        },
        "loc": {
          "start": {
            "line": 12,
            "column": 35
          },
          "end": {
            "line": 14,
            "column": 1
          }
        },
        "line": 12
      },
      "1": {
        "name": "(anonymous_1)",
        "decl": {
          "start": {
            "line": 20,
            "column": 23
          },
          "end": {
            "line": 20,
            "column": 24
          }
        },
        "loc": {
          "start": {
            "line": 20,
            "column": 30
          },
          "end": {
            "line": 28,
            "column": 1
          }
        },
        "line": 20
      }
    },
    "branchMap": {
      "0": {
        "loc": {
          "start": {
            "line": 19,
            "column": 0
          },
          "end": {
            "line": 19,
            "column": 108
          }
        },
        "type": "binary-expr",
        "locations": [
          {
            "start": {
              "line": 19,
              "column": 0
            },
            "end": {
              "line": 19,
              "column": 42
            }
          },
          {
            "start": {
              "line": 19,
              "column": 46
            },
            "end": {
              "line": 19,
              "column": 108
            }
          }
        ],
        "line": 19
      },
      "1": {
        "loc": {
          "start": {
            "line": 21,
            "column": 2
          },
          "end": {
            "line": 21,
            "column": 18
          }
        },
        "type": "if",
        "locations": [
          {
            "start": {
              "line": 21,
              "column": 2
            },
            "end": {
              "line": 21,
              "column": 18
            }
          },
          {
            "start": {},
            "end": {}
          }
        ],
        "line": 21
      },
      "2": {
        "loc": {
          "start": {
            "line": 23,
            "column": 2
          },
          "end": {
            "line": 27,
            "column": 3
          }
        },
        "type": "if",
        "locations": [
          {
            "start": {
              "line": 23,
              "column": 2
            },
            "end": {
              "line": 27,
              "column": 3
            }
          },
          {
            "start": {
              "line": 25,
              "column": 9
            },
            "end": {
              "line": 27,
              "column": 3
            }
          }
        ],
        "line": 23
      }
    },
    "s": {
      "0": 4,
      "1": 4,
      "2": 4,
      "3": 4,
      "4": 4,
      "5": 1,
      "6": 4,
      "7": 4,
      "8": 4,
      "9": 0,
      "10": 0,
      "11": 0,
      "12": 0,
      "13": 0,
      "14": 0
    },
    "f": {
      "0": 1,
      "1": 0
    },
    "b": {
      "0": [
        4,
        4
      ],
      "1": [
        0,
        0
      ],
      "2": [
        0,
        0
      ]
    },
    "inputSourceMap": {
      "version": 3,
      "sources": [
        "C:/Users/mrluc/Documents/GitHub/API-Project/src/views/NotFoundView.vue"
      ],
      "names": [],
      "mappings": ";;qBACO,KAAK,EAAC,MAAM;gCACf,oBAAY,YAAR,KAAG;gCACP,oBAAqC,aAAhC,4BAA0B;;EAD/B,UAAY;EACZ,UAAqC;;;;wBAFvC,oBAGM,OAHN,UAGM",
      "file": "C:/Users/mrluc/Documents/GitHub/API-Project/src/views/NotFoundView.vue",
      "sourceRoot": ""
    },
    "_coverageSchema": "1a1c01bbd47fc00a2c39e90264f33305004495a9",
    "hash": "1836ad2bbc7329719f30b6cdc31789d0e2a3b6ce"
  },
  "C:/Users/mrluc/Documents/GitHub/API-Project/src/router.ts": {
    "path": "C:/Users/mrluc/Documents/GitHub/API-Project/src/router.ts",
    "statementMap": {
      "0": {
        "start": {
          "line": 4,
          "column": 15
        },
        "end": {
          "line": 26,
          "column": 2
        }
      }
    },
    "fnMap": {},
    "branchMap": {},
    "s": {
      "0": 4
    },
    "f": {},
    "b": {},
    "inputSourceMap": {
      "version": 3,
      "sources": [
        "C:/Users/mrluc/Documents/GitHub/API-Project/src/router.ts"
      ],
      "mappings": "AAAA,SAAS,cAAc,wBAAwB;AAC/C,OAAO,cAAc;AACrB,OAAO,kBAAkB;AAEzB,MAAM,SAAS,aAAa;AAAA,EAC1B,SAAS,iBAAiB,YAAY,IAAI,QAAQ;AAAA,EAClD,QAAQ;AAAA,IACN;AAAA,MACE,MAAM;AAAA,MACN,MAAM;AAAA,MACN,WAAW;AAAA,IACb;AAAA,IACA;AAAA,MACE,MAAM;AAAA,MACN,MAAM;AAAA,MACN,WAAW;AAAA,IACb;AAAA;AAAA;AAAA;AAAA;AAAA;AAAA;AAAA;AAAA;AAAA,EASF;AACF,CAAC;AAED,eAAe;",
      "names": []
    },
    "_coverageSchema": "1a1c01bbd47fc00a2c39e90264f33305004495a9",
    "hash": "2292322175171592cf072dec480c131e803c6c61"
  },
  "C:/Users/mrluc/Documents/GitHub/API-Project/src/services/store.ts": {
    "path": "C:/Users/mrluc/Documents/GitHub/API-Project/src/services/store.ts",
    "statementMap": {
      "0": {
        "start": {
          "line": 2,
          "column": 21
        },
        "end": {
          "line": 30,
          "column": 2
        }
      },
      "1": {
        "start": {
          "line": 10,
          "column": 6
        },
        "end": {
          "line": 10,
          "column": 28
        }
      },
      "2": {
        "start": {
          "line": 13,
          "column": 6
        },
        "end": {
          "line": 13,
          "column": 27
        }
      },
      "3": {
        "start": {
          "line": 16,
          "column": 6
        },
        "end": {
          "line": 16,
          "column": 25
        }
      },
      "4": {
        "start": {
          "line": 21,
          "column": 6
        },
        "end": {
          "line": 21,
          "column": 32
        }
      },
      "5": {
        "start": {
          "line": 24,
          "column": 6
        },
        "end": {
          "line": 24,
          "column": 30
        }
      },
      "6": {
        "start": {
          "line": 27,
          "column": 6
        },
        "end": {
          "line": 27,
          "column": 26
        }
      }
    },
    "fnMap": {
      "0": {
        "name": "(anonymous_0)",
        "decl": {
          "start": {
            "line": 9,
            "column": 4
          },
          "end": {
            "line": 9,
            "column": 5
          }
        },
        "loc": {
          "start": {
            "line": 9,
            "column": 23
          },
          "end": {
            "line": 11,
            "column": 5
          }
        },
        "line": 9
      },
      "1": {
        "name": "(anonymous_1)",
        "decl": {
          "start": {
            "line": 12,
            "column": 4
          },
          "end": {
            "line": 12,
            "column": 5
          }
        },
        "loc": {
          "start": {
            "line": 12,
            "column": 22
          },
          "end": {
            "line": 14,
            "column": 5
          }
        },
        "line": 12
      },
      "2": {
        "name": "(anonymous_2)",
        "decl": {
          "start": {
            "line": 15,
            "column": 4
          },
          "end": {
            "line": 15,
            "column": 5
          }
        },
        "loc": {
          "start": {
            "line": 15,
            "column": 20
          },
          "end": {
            "line": 17,
            "column": 5
          }
        },
        "line": 15
      },
      "3": {
        "name": "(anonymous_3)",
        "decl": {
          "start": {
            "line": 20,
            "column": 4
          },
          "end": {
            "line": 20,
            "column": 5
          }
        },
        "loc": {
          "start": {
            "line": 20,
            "column": 36
          },
          "end": {
            "line": 22,
            "column": 5
          }
        },
        "line": 20
      },
      "4": {
        "name": "(anonymous_4)",
        "decl": {
          "start": {
            "line": 23,
            "column": 4
          },
          "end": {
            "line": 23,
            "column": 5
          }
        },
        "loc": {
          "start": {
            "line": 23,
            "column": 34
          },
          "end": {
            "line": 25,
            "column": 5
          }
        },
        "line": 23
      },
      "5": {
        "name": "(anonymous_5)",
        "decl": {
          "start": {
            "line": 26,
            "column": 4
          },
          "end": {
            "line": 26,
            "column": 5
          }
        },
        "loc": {
          "start": {
            "line": 26,
            "column": 30
          },
          "end": {
            "line": 28,
            "column": 5
          }
        },
        "line": 26
      }
    },
    "branchMap": {},
    "s": {
      "0": 4,
      "1": 4,
      "2": 4,
      "3": 4,
      "4": 0,
      "5": 0,
      "6": 0
    },
    "f": {
      "0": 4,
      "1": 4,
      "2": 4,
      "3": 0,
      "4": 0,
      "5": 0
    },
    "b": {},
    "inputSourceMap": {
      "version": 3,
      "sources": [
        "C:/Users/mrluc/Documents/GitHub/API-Project/src/services/store.ts"
      ],
      "mappings": "AAGA,SAAS,mBAAmB;AAGrB,aAAM,QAAQ,YAAY;AAAA,EAC/B,OAAO;AAAA,IACL,UAAU,CAAC;AAAA,IACX,SAAS,CAAC;AAAA,IACV,OAAO,CAAC;AAAA,EACV;AAAA,EACA,SAAS;AAAA,IACP,YAAY,OAAO;AACjB,aAAO,MAAM;AAAA,IACf;AAAA,IACA,WAAW,OAAO;AAChB,aAAO,MAAM;AAAA,IACf;AAAA,IACA,SAAS,OAAO;AACd,aAAO,MAAM;AAAA,IACf;AAAA,EACF;AAAA,EACA,WAAW;AAAA,IACT,eAAe,OAAO,UAAwB;AAC5C,YAAM,WAAW;AAAA,IACnB;AAAA,IACA,cAAc,OAAO,SAAsB;AACzC,YAAM,UAAU;AAAA,IAClB;AAAA,IACA,YAAY,OAAO,OAAkB;AACnC,YAAM,QAAQ;AAAA,IAChB;AAAA,EACF;AACF,CAAC;",
      "names": []
    },
    "_coverageSchema": "1a1c01bbd47fc00a2c39e90264f33305004495a9",
    "hash": "158f6175c2d8d8a617f4f800caafa115bbd73769"
  },
  "C:/Users/mrluc/Documents/GitHub/API-Project/src/main.ts": {
    "path": "C:/Users/mrluc/Documents/GitHub/API-Project/src/main.ts",
    "statementMap": {
      "0": {
        "start": {
          "line": 10,
          "column": 16
        },
        "end": {
          "line": 16,
          "column": 2
        }
      },
      "1": {
        "start": {
          "line": 17,
          "column": 12
        },
        "end": {
          "line": 17,
          "column": 26
        }
      },
      "2": {
        "start": {
          "line": 18,
          "column": 0
        },
        "end": {
          "line": 18,
          "column": 16
        }
      },
      "3": {
        "start": {
          "line": 19,
          "column": 0
        },
        "end": {
          "line": 19,
          "column": 15
        }
      },
      "4": {
        "start": {
          "line": 20,
          "column": 0
        },
        "end": {
          "line": 20,
          "column": 17
        }
      },
      "5": {
        "start": {
          "line": 21,
          "column": 0
        },
        "end": {
          "line": 21,
          "column": 18
        }
      }
    },
    "fnMap": {},
    "branchMap": {},
    "s": {
      "0": 4,
      "1": 4,
      "2": 4,
      "3": 4,
      "4": 4,
      "5": 4
    },
    "f": {},
    "b": {},
    "inputSourceMap": {
      "version": 3,
      "sources": [
        "C:/Users/mrluc/Documents/GitHub/API-Project/src/main.ts"
      ],
      "mappings": "AAAA,SAAS,iBAAiB;AAC1B,OAAO,SAAS;AAChB,OAAO,YAAY;AAEnB,OAAO;AAGP,OAAO;AACP,SAAS,qBAAqB;AAC9B,YAAY,gBAAgB;AAC5B,YAAY,gBAAgB;AAC5B,SAAS,aAAa;AAEtB,MAAM,UAAU,cAAc;AAAA,EAC5B,OAAO;AAAA,IACL,cAAc;AAAA,EAChB;AAAA,EACA;AAAA,EACA;AACF,CAAC;AAED,MAAM,MAAM,UAAU,GAAG;AAEzB,IAAI,IAAI,MAAM;AACd,IAAI,IAAI,KAAK;AACb,IAAI,IAAI,OAAO;AAEf,IAAI,MAAM,MAAM;",
      "names": []
    },
    "_coverageSchema": "1a1c01bbd47fc00a2c39e90264f33305004495a9",
    "hash": "6e4e346822c9f2e1ebab9aacd5220203a3805382"
  }
}